
*** Running vivado
    with args -log top.vds -m64 -product Vivado -mode batch -messageDb vivado.pb -notrace -source top.tcl


ECHO est  desactivado.
ECHO est  desactivado.

****** Vivado v2023.1 (64-bit)
  **** SW Build 3865809 on Sun May  7 15:05:29 MDT 2023
  **** IP Build 3864474 on Sun May  7 20:36:21 MDT 2023
  **** SharedData Build 3865790 on Sun May 07 13:33:03 MDT 2023
    ** Copyright 1986-2022 Xilinx, Inc. All Rights Reserved.
    ** Copyright 2022-2023 Advanced Micro Devices, Inc. All Rights Reserved.

source top.tcl -notrace
create_project: Time (s): cpu = 00:00:08 ; elapsed = 00:00:08 . Memory (MB): peak = 472.020 ; gain = 202.312
Command: read_checkpoint -auto_incremental -incremental {C:/Users/chusl/Desktop/Nuevo top/TOP/TOP.srcs/utils_1/imports/synth_1/top.dcp}
INFO: [Vivado 12-5825] Read reference checkpoint from C:/Users/chusl/Desktop/Nuevo top/TOP/TOP.srcs/utils_1/imports/synth_1/top.dcp for incremental synthesis
INFO: [Vivado 12-7989] Please ensure there are no constraint changes
Command: synth_design -top top -part xc7a100tcsg324-1
Starting synth_design
Attempting to get a license for feature 'Synthesis' and/or device 'xc7a100t'
INFO: [Common 17-349] Got license for feature 'Synthesis' and/or device 'xc7a100t'
INFO: [Device 21-403] Loading part xc7a100tcsg324-1
INFO: [Designutils 20-5440] No compile time benefit to using incremental synthesis; A full resynthesis will be run
INFO: [Designutils 20-4379] Flow is switching to default flow due to incremental criteria not met. If you would like to alter this behaviour and have the flow terminate instead, please set the following parameter config_implementation {autoIncr.Synth.RejectBehavior Terminate}
INFO: [Synth 8-7079] Multithreading enabled for synth_design using a maximum of 2 processes.
INFO: [Synth 8-7078] Launching helper process for spawning children vivado processes
INFO: [Synth 8-7075] Helper process launched with PID 12192
---------------------------------------------------------------------------------
Starting RTL Elaboration : Time (s): cpu = 00:00:06 ; elapsed = 00:00:06 . Memory (MB): peak = 1302.348 ; gain = 411.016
---------------------------------------------------------------------------------
INFO: [Synth 8-638] synthesizing module 'top' [C:/Users/chusl/Desktop/Nuevo top/TOP/TOP.srcs/sources_1/imports/Trabajo mio/SED/FPGA/src/top.vhd:23]
	Parameter password bound to: 4'b0100 
INFO: [Synth 8-3491] module 'comparador' declared at 'C:/Users/chusl/Desktop/Nuevo top/TOP/TOP.srcs/sources_1/imports/src/comparador.vhd:7' bound to instance 'dut1' of component 'comparador' [C:/Users/chusl/Desktop/Nuevo top/TOP/TOP.srcs/sources_1/imports/Trabajo mio/SED/FPGA/src/top.vhd:142]
INFO: [Synth 8-638] synthesizing module 'comparador' [C:/Users/chusl/Desktop/Nuevo top/TOP/TOP.srcs/sources_1/imports/src/comparador.vhd:17]
	Parameter password bound to: 4'b0100 
WARNING: [Synth 8-614] signal 'CE' is read in the process but is not in the sensitivity list [C:/Users/chusl/Desktop/Nuevo top/TOP/TOP.srcs/sources_1/imports/src/comparador.vhd:20]
INFO: [Synth 8-256] done synthesizing module 'comparador' (0#1) [C:/Users/chusl/Desktop/Nuevo top/TOP/TOP.srcs/sources_1/imports/src/comparador.vhd:17]
	Parameter width bound to: 4 - type: integer 
	Parameter secuencia bound to: 1231 - type: integer 
INFO: [Synth 8-3491] module 'top_lb' declared at 'C:/Users/chusl/Desktop/Nuevo top/TOP/TOP.srcs/sources_1/imports/Trabajo mio/SED/FPGA/src/top_lb.vhd:5' bound to instance 'dut2' of component 'top_lb' [C:/Users/chusl/Desktop/Nuevo top/TOP/TOP.srcs/sources_1/imports/Trabajo mio/SED/FPGA/src/top.vhd:152]
INFO: [Synth 8-638] synthesizing module 'top_lb' [C:/Users/chusl/Desktop/Nuevo top/TOP/TOP.srcs/sources_1/imports/Trabajo mio/SED/FPGA/src/top_lb.vhd:24]
	Parameter width bound to: 4 - type: integer 
	Parameter secuencia bound to: 1231 - type: integer 
	Parameter secuencia bound to: 1231 - type: integer 
	Parameter width bound to: 4 - type: integer 
INFO: [Synth 8-3491] module 'secuencia_led' declared at 'C:/Users/chusl/Desktop/Nuevo top/TOP/TOP.srcs/sources_1/imports/Trabajo mio/SED/FPGA/src/secuencia_led.vhd:5' bound to instance 'dut11' of component 'secuencia_led' [C:/Users/chusl/Desktop/Nuevo top/TOP/TOP.srcs/sources_1/imports/Trabajo mio/SED/FPGA/src/top_lb.vhd:57]
INFO: [Synth 8-638] synthesizing module 'secuencia_led' [C:/Users/chusl/Desktop/Nuevo top/TOP/TOP.srcs/sources_1/imports/Trabajo mio/SED/FPGA/src/secuencia_led.vhd:18]
	Parameter secuencia bound to: 1231 - type: integer 
	Parameter width bound to: 4 - type: integer 
WARNING: [Synth 8-614] signal 'CE' is read in the process but is not in the sensitivity list [C:/Users/chusl/Desktop/Nuevo top/TOP/TOP.srcs/sources_1/imports/Trabajo mio/SED/FPGA/src/secuencia_led.vhd:21]
INFO: [Synth 8-256] done synthesizing module 'secuencia_led' (0#1) [C:/Users/chusl/Desktop/Nuevo top/TOP/TOP.srcs/sources_1/imports/Trabajo mio/SED/FPGA/src/secuencia_led.vhd:18]
	Parameter width bound to: 4 - type: integer 
	Parameter secuencia bound to: 1231 - type: integer 
INFO: [Synth 8-3491] module 'secuencia_botones' declared at 'C:/Users/chusl/Desktop/Nuevo top/TOP/TOP.srcs/sources_1/imports/Trabajo mio/SED/FPGA/src/secuencia_botones.vhd:6' bound to instance 'dut0' of component 'secuencia_botones' [C:/Users/chusl/Desktop/Nuevo top/TOP/TOP.srcs/sources_1/imports/Trabajo mio/SED/FPGA/src/top_lb.vhd:68]
INFO: [Synth 8-638] synthesizing module 'secuencia_botones' [C:/Users/chusl/Desktop/Nuevo top/TOP/TOP.srcs/sources_1/imports/Trabajo mio/SED/FPGA/src/secuencia_botones.vhd:24]
	Parameter width bound to: 4 - type: integer 
	Parameter secuencia bound to: 1231 - type: integer 
WARNING: [Synth 8-614] signal 'CE' is read in the process but is not in the sensitivity list [C:/Users/chusl/Desktop/Nuevo top/TOP/TOP.srcs/sources_1/imports/Trabajo mio/SED/FPGA/src/secuencia_botones.vhd:29]
WARNING: [Synth 8-614] signal 'end_game_s' is read in the process but is not in the sensitivity list [C:/Users/chusl/Desktop/Nuevo top/TOP/TOP.srcs/sources_1/imports/Trabajo mio/SED/FPGA/src/secuencia_botones.vhd:29]
INFO: [Synth 8-256] done synthesizing module 'secuencia_botones' (0#1) [C:/Users/chusl/Desktop/Nuevo top/TOP/TOP.srcs/sources_1/imports/Trabajo mio/SED/FPGA/src/secuencia_botones.vhd:24]
INFO: [Synth 8-256] done synthesizing module 'top_lb' (0#1) [C:/Users/chusl/Desktop/Nuevo top/TOP/TOP.srcs/sources_1/imports/Trabajo mio/SED/FPGA/src/top_lb.vhd:24]
	Parameter password bound to: 4'b0110 
INFO: [Synth 8-3491] module 'comparador' declared at 'C:/Users/chusl/Desktop/Nuevo top/TOP/TOP.srcs/sources_1/imports/src/comparador.vhd:7' bound to instance 'dut3' of component 'comparador' [C:/Users/chusl/Desktop/Nuevo top/TOP/TOP.srcs/sources_1/imports/Trabajo mio/SED/FPGA/src/top.vhd:169]
INFO: [Synth 8-638] synthesizing module 'comparador__parameterized1' [C:/Users/chusl/Desktop/Nuevo top/TOP/TOP.srcs/sources_1/imports/src/comparador.vhd:17]
	Parameter password bound to: 4'b0110 
WARNING: [Synth 8-614] signal 'CE' is read in the process but is not in the sensitivity list [C:/Users/chusl/Desktop/Nuevo top/TOP/TOP.srcs/sources_1/imports/src/comparador.vhd:20]
INFO: [Synth 8-256] done synthesizing module 'comparador__parameterized1' (0#1) [C:/Users/chusl/Desktop/Nuevo top/TOP/TOP.srcs/sources_1/imports/src/comparador.vhd:17]
	Parameter width bound to: 5 - type: integer 
	Parameter secuencia bound to: 13312 - type: integer 
INFO: [Synth 8-3491] module 'top_lb' declared at 'C:/Users/chusl/Desktop/Nuevo top/TOP/TOP.srcs/sources_1/imports/Trabajo mio/SED/FPGA/src/top_lb.vhd:5' bound to instance 'dut4' of component 'top_lb' [C:/Users/chusl/Desktop/Nuevo top/TOP/TOP.srcs/sources_1/imports/Trabajo mio/SED/FPGA/src/top.vhd:179]
INFO: [Synth 8-638] synthesizing module 'top_lb__parameterized1' [C:/Users/chusl/Desktop/Nuevo top/TOP/TOP.srcs/sources_1/imports/Trabajo mio/SED/FPGA/src/top_lb.vhd:24]
	Parameter width bound to: 5 - type: integer 
	Parameter secuencia bound to: 13312 - type: integer 
	Parameter secuencia bound to: 13312 - type: integer 
	Parameter width bound to: 5 - type: integer 
INFO: [Synth 8-3491] module 'secuencia_led' declared at 'C:/Users/chusl/Desktop/Nuevo top/TOP/TOP.srcs/sources_1/imports/Trabajo mio/SED/FPGA/src/secuencia_led.vhd:5' bound to instance 'dut11' of component 'secuencia_led' [C:/Users/chusl/Desktop/Nuevo top/TOP/TOP.srcs/sources_1/imports/Trabajo mio/SED/FPGA/src/top_lb.vhd:57]
INFO: [Synth 8-638] synthesizing module 'secuencia_led__parameterized1' [C:/Users/chusl/Desktop/Nuevo top/TOP/TOP.srcs/sources_1/imports/Trabajo mio/SED/FPGA/src/secuencia_led.vhd:18]
	Parameter secuencia bound to: 13312 - type: integer 
	Parameter width bound to: 5 - type: integer 
WARNING: [Synth 8-614] signal 'CE' is read in the process but is not in the sensitivity list [C:/Users/chusl/Desktop/Nuevo top/TOP/TOP.srcs/sources_1/imports/Trabajo mio/SED/FPGA/src/secuencia_led.vhd:21]
INFO: [Synth 8-256] done synthesizing module 'secuencia_led__parameterized1' (0#1) [C:/Users/chusl/Desktop/Nuevo top/TOP/TOP.srcs/sources_1/imports/Trabajo mio/SED/FPGA/src/secuencia_led.vhd:18]
	Parameter width bound to: 5 - type: integer 
	Parameter secuencia bound to: 13312 - type: integer 
INFO: [Synth 8-3491] module 'secuencia_botones' declared at 'C:/Users/chusl/Desktop/Nuevo top/TOP/TOP.srcs/sources_1/imports/Trabajo mio/SED/FPGA/src/secuencia_botones.vhd:6' bound to instance 'dut0' of component 'secuencia_botones' [C:/Users/chusl/Desktop/Nuevo top/TOP/TOP.srcs/sources_1/imports/Trabajo mio/SED/FPGA/src/top_lb.vhd:68]
INFO: [Synth 8-638] synthesizing module 'secuencia_botones__parameterized1' [C:/Users/chusl/Desktop/Nuevo top/TOP/TOP.srcs/sources_1/imports/Trabajo mio/SED/FPGA/src/secuencia_botones.vhd:24]
	Parameter width bound to: 5 - type: integer 
	Parameter secuencia bound to: 13312 - type: integer 
WARNING: [Synth 8-614] signal 'CE' is read in the process but is not in the sensitivity list [C:/Users/chusl/Desktop/Nuevo top/TOP/TOP.srcs/sources_1/imports/Trabajo mio/SED/FPGA/src/secuencia_botones.vhd:29]
WARNING: [Synth 8-614] signal 'end_game_s' is read in the process but is not in the sensitivity list [C:/Users/chusl/Desktop/Nuevo top/TOP/TOP.srcs/sources_1/imports/Trabajo mio/SED/FPGA/src/secuencia_botones.vhd:29]
INFO: [Synth 8-256] done synthesizing module 'secuencia_botones__parameterized1' (0#1) [C:/Users/chusl/Desktop/Nuevo top/TOP/TOP.srcs/sources_1/imports/Trabajo mio/SED/FPGA/src/secuencia_botones.vhd:24]
INFO: [Synth 8-256] done synthesizing module 'top_lb__parameterized1' (0#1) [C:/Users/chusl/Desktop/Nuevo top/TOP/TOP.srcs/sources_1/imports/Trabajo mio/SED/FPGA/src/top_lb.vhd:24]
	Parameter password bound to: 4'b0111 
INFO: [Synth 8-3491] module 'comparador' declared at 'C:/Users/chusl/Desktop/Nuevo top/TOP/TOP.srcs/sources_1/imports/src/comparador.vhd:7' bound to instance 'dut5' of component 'comparador' [C:/Users/chusl/Desktop/Nuevo top/TOP/TOP.srcs/sources_1/imports/Trabajo mio/SED/FPGA/src/top.vhd:196]
INFO: [Synth 8-638] synthesizing module 'comparador__parameterized3' [C:/Users/chusl/Desktop/Nuevo top/TOP/TOP.srcs/sources_1/imports/src/comparador.vhd:17]
	Parameter password bound to: 4'b0111 
WARNING: [Synth 8-614] signal 'CE' is read in the process but is not in the sensitivity list [C:/Users/chusl/Desktop/Nuevo top/TOP/TOP.srcs/sources_1/imports/src/comparador.vhd:20]
INFO: [Synth 8-256] done synthesizing module 'comparador__parameterized3' (0#1) [C:/Users/chusl/Desktop/Nuevo top/TOP/TOP.srcs/sources_1/imports/src/comparador.vhd:17]
	Parameter width bound to: 7 - type: integer 
	Parameter secuencia bound to: 3123321 - type: integer 
INFO: [Synth 8-3491] module 'top_lb' declared at 'C:/Users/chusl/Desktop/Nuevo top/TOP/TOP.srcs/sources_1/imports/Trabajo mio/SED/FPGA/src/top_lb.vhd:5' bound to instance 'dut6' of component 'top_lb' [C:/Users/chusl/Desktop/Nuevo top/TOP/TOP.srcs/sources_1/imports/Trabajo mio/SED/FPGA/src/top.vhd:206]
INFO: [Synth 8-638] synthesizing module 'top_lb__parameterized3' [C:/Users/chusl/Desktop/Nuevo top/TOP/TOP.srcs/sources_1/imports/Trabajo mio/SED/FPGA/src/top_lb.vhd:24]
	Parameter width bound to: 7 - type: integer 
	Parameter secuencia bound to: 3123321 - type: integer 
	Parameter secuencia bound to: 3123321 - type: integer 
	Parameter width bound to: 7 - type: integer 
INFO: [Synth 8-3491] module 'secuencia_led' declared at 'C:/Users/chusl/Desktop/Nuevo top/TOP/TOP.srcs/sources_1/imports/Trabajo mio/SED/FPGA/src/secuencia_led.vhd:5' bound to instance 'dut11' of component 'secuencia_led' [C:/Users/chusl/Desktop/Nuevo top/TOP/TOP.srcs/sources_1/imports/Trabajo mio/SED/FPGA/src/top_lb.vhd:57]
INFO: [Synth 8-638] synthesizing module 'secuencia_led__parameterized3' [C:/Users/chusl/Desktop/Nuevo top/TOP/TOP.srcs/sources_1/imports/Trabajo mio/SED/FPGA/src/secuencia_led.vhd:18]
	Parameter secuencia bound to: 3123321 - type: integer 
	Parameter width bound to: 7 - type: integer 
WARNING: [Synth 8-614] signal 'CE' is read in the process but is not in the sensitivity list [C:/Users/chusl/Desktop/Nuevo top/TOP/TOP.srcs/sources_1/imports/Trabajo mio/SED/FPGA/src/secuencia_led.vhd:21]
INFO: [Synth 8-256] done synthesizing module 'secuencia_led__parameterized3' (0#1) [C:/Users/chusl/Desktop/Nuevo top/TOP/TOP.srcs/sources_1/imports/Trabajo mio/SED/FPGA/src/secuencia_led.vhd:18]
	Parameter width bound to: 7 - type: integer 
	Parameter secuencia bound to: 3123321 - type: integer 
INFO: [Synth 8-3491] module 'secuencia_botones' declared at 'C:/Users/chusl/Desktop/Nuevo top/TOP/TOP.srcs/sources_1/imports/Trabajo mio/SED/FPGA/src/secuencia_botones.vhd:6' bound to instance 'dut0' of component 'secuencia_botones' [C:/Users/chusl/Desktop/Nuevo top/TOP/TOP.srcs/sources_1/imports/Trabajo mio/SED/FPGA/src/top_lb.vhd:68]
INFO: [Synth 8-638] synthesizing module 'secuencia_botones__parameterized3' [C:/Users/chusl/Desktop/Nuevo top/TOP/TOP.srcs/sources_1/imports/Trabajo mio/SED/FPGA/src/secuencia_botones.vhd:24]
	Parameter width bound to: 7 - type: integer 
	Parameter secuencia bound to: 3123321 - type: integer 
WARNING: [Synth 8-614] signal 'CE' is read in the process but is not in the sensitivity list [C:/Users/chusl/Desktop/Nuevo top/TOP/TOP.srcs/sources_1/imports/Trabajo mio/SED/FPGA/src/secuencia_botones.vhd:29]
WARNING: [Synth 8-614] signal 'end_game_s' is read in the process but is not in the sensitivity list [C:/Users/chusl/Desktop/Nuevo top/TOP/TOP.srcs/sources_1/imports/Trabajo mio/SED/FPGA/src/secuencia_botones.vhd:29]
INFO: [Synth 8-256] done synthesizing module 'secuencia_botones__parameterized3' (0#1) [C:/Users/chusl/Desktop/Nuevo top/TOP/TOP.srcs/sources_1/imports/Trabajo mio/SED/FPGA/src/secuencia_botones.vhd:24]
INFO: [Synth 8-256] done synthesizing module 'top_lb__parameterized3' (0#1) [C:/Users/chusl/Desktop/Nuevo top/TOP/TOP.srcs/sources_1/imports/Trabajo mio/SED/FPGA/src/top_lb.vhd:24]
INFO: [Synth 8-3491] module 'fsm' declared at 'C:/Users/chusl/Desktop/Nuevo top/TOP/TOP.srcs/sources_1/imports/Trabajo mio/SED/FPGA/src/maquina_estados.vhd:4' bound to instance 'dut7' of component 'fsm' [C:/Users/chusl/Desktop/Nuevo top/TOP/TOP.srcs/sources_1/imports/Trabajo mio/SED/FPGA/src/top.vhd:222]
INFO: [Synth 8-638] synthesizing module 'fsm' [C:/Users/chusl/Desktop/Nuevo top/TOP/TOP.srcs/sources_1/imports/Trabajo mio/SED/FPGA/src/maquina_estados.vhd:20]
INFO: [Synth 8-226] default block is never used [C:/Users/chusl/Desktop/Nuevo top/TOP/TOP.srcs/sources_1/imports/Trabajo mio/SED/FPGA/src/maquina_estados.vhd:47]
WARNING: [Synth 8-614] signal 'levelUP_s' is read in the process but is not in the sensitivity list [C:/Users/chusl/Desktop/Nuevo top/TOP/TOP.srcs/sources_1/imports/Trabajo mio/SED/FPGA/src/maquina_estados.vhd:44]
INFO: [Synth 8-226] default block is never used [C:/Users/chusl/Desktop/Nuevo top/TOP/TOP.srcs/sources_1/imports/Trabajo mio/SED/FPGA/src/maquina_estados.vhd:124]
INFO: [Synth 8-256] done synthesizing module 'fsm' (0#1) [C:/Users/chusl/Desktop/Nuevo top/TOP/TOP.srcs/sources_1/imports/Trabajo mio/SED/FPGA/src/maquina_estados.vhd:20]
	Parameter itime bound to: 120 - type: integer 
INFO: [Synth 8-3491] module 'Top_cuenta_decoder' declared at 'C:/Users/chusl/Desktop/Nuevo top/TOP/TOP.srcs/sources_1/imports/Trabajo mio/TOP_CUENTA_DECODER_FINAL/Top_cuenta_decoder.vhd:4' bound to instance 'dut8' of component 'Top_cuenta_decoder' [C:/Users/chusl/Desktop/Nuevo top/TOP/TOP.srcs/sources_1/imports/Trabajo mio/SED/FPGA/src/top.vhd:237]
INFO: [Synth 8-638] synthesizing module 'Top_cuenta_decoder' [C:/Users/chusl/Desktop/Nuevo top/TOP/TOP.srcs/sources_1/imports/Trabajo mio/TOP_CUENTA_DECODER_FINAL/Top_cuenta_decoder.vhd:22]
	Parameter itime bound to: 120 - type: integer 
INFO: [Synth 8-3491] module 'final_light' declared at 'C:/Users/chusl/Desktop/Nuevo top/TOP/TOP.srcs/sources_1/imports/Trabajo mio/TOP_CUENTA_DECODER_FINAL/final_light.vhd:4' bound to instance 'final_lights' of component 'final_light' [C:/Users/chusl/Desktop/Nuevo top/TOP/TOP.srcs/sources_1/imports/Trabajo mio/TOP_CUENTA_DECODER_FINAL/Top_cuenta_decoder.vhd:84]
INFO: [Synth 8-638] synthesizing module 'final_light' [C:/Users/chusl/Desktop/Nuevo top/TOP/TOP.srcs/sources_1/imports/Trabajo mio/TOP_CUENTA_DECODER_FINAL/final_light.vhd:12]
WARNING: [Synth 8-614] signal 'rgb_led_v' is read in the process but is not in the sensitivity list [C:/Users/chusl/Desktop/Nuevo top/TOP/TOP.srcs/sources_1/imports/Trabajo mio/TOP_CUENTA_DECODER_FINAL/final_light.vhd:17]
INFO: [Synth 8-256] done synthesizing module 'final_light' (0#1) [C:/Users/chusl/Desktop/Nuevo top/TOP/TOP.srcs/sources_1/imports/Trabajo mio/TOP_CUENTA_DECODER_FINAL/final_light.vhd:12]
INFO: [Synth 8-3491] module 'level_counter' declared at 'C:/Users/chusl/Desktop/Nuevo top/TOP/TOP.srcs/sources_1/imports/Trabajo mio/TOP_CUENTA_DECODER_FINAL/level_counter.vhd:5' bound to instance 'level_count' of component 'level_counter' [C:/Users/chusl/Desktop/Nuevo top/TOP/TOP.srcs/sources_1/imports/Trabajo mio/TOP_CUENTA_DECODER_FINAL/Top_cuenta_decoder.vhd:91]
INFO: [Synth 8-638] synthesizing module 'level_counter' [C:/Users/chusl/Desktop/Nuevo top/TOP/TOP.srcs/sources_1/imports/Trabajo mio/TOP_CUENTA_DECODER_FINAL/level_counter.vhd:11]
INFO: [Synth 8-256] done synthesizing module 'level_counter' (0#1) [C:/Users/chusl/Desktop/Nuevo top/TOP/TOP.srcs/sources_1/imports/Trabajo mio/TOP_CUENTA_DECODER_FINAL/level_counter.vhd:11]
	Parameter clk_o bound to: 200000000 - type: integer 
	Parameter clk_f bound to: 10 - type: integer 
INFO: [Synth 8-3491] module 'Prescaler' declared at 'C:/Users/chusl/Desktop/Nuevo top/TOP/TOP.srcs/sources_1/imports/Trabajo mio/TOP_CUENTA_DECODER_FINAL/prescaler.vhd:4' bound to instance 'final_lights_clk' of component 'Prescaler' [C:/Users/chusl/Desktop/Nuevo top/TOP/TOP.srcs/sources_1/imports/Trabajo mio/TOP_CUENTA_DECODER_FINAL/Top_cuenta_decoder.vhd:97]
INFO: [Synth 8-638] synthesizing module 'Prescaler' [C:/Users/chusl/Desktop/Nuevo top/TOP/TOP.srcs/sources_1/imports/Trabajo mio/TOP_CUENTA_DECODER_FINAL/prescaler.vhd:16]
	Parameter clk_o bound to: 200000000 - type: integer 
	Parameter clk_f bound to: 10 - type: integer 
INFO: [Synth 8-256] done synthesizing module 'Prescaler' (0#1) [C:/Users/chusl/Desktop/Nuevo top/TOP/TOP.srcs/sources_1/imports/Trabajo mio/TOP_CUENTA_DECODER_FINAL/prescaler.vhd:16]
	Parameter clk_o bound to: 200000000 - type: integer 
	Parameter clk_f bound to: 1 - type: integer 
INFO: [Synth 8-3491] module 'Prescaler' declared at 'C:/Users/chusl/Desktop/Nuevo top/TOP/TOP.srcs/sources_1/imports/Trabajo mio/TOP_CUENTA_DECODER_FINAL/prescaler.vhd:4' bound to instance 'to_user_clk' of component 'Prescaler' [C:/Users/chusl/Desktop/Nuevo top/TOP/TOP.srcs/sources_1/imports/Trabajo mio/TOP_CUENTA_DECODER_FINAL/Top_cuenta_decoder.vhd:108]
INFO: [Synth 8-638] synthesizing module 'Prescaler__parameterized1' [C:/Users/chusl/Desktop/Nuevo top/TOP/TOP.srcs/sources_1/imports/Trabajo mio/TOP_CUENTA_DECODER_FINAL/prescaler.vhd:16]
	Parameter clk_o bound to: 200000000 - type: integer 
	Parameter clk_f bound to: 1 - type: integer 
INFO: [Synth 8-256] done synthesizing module 'Prescaler__parameterized1' (0#1) [C:/Users/chusl/Desktop/Nuevo top/TOP/TOP.srcs/sources_1/imports/Trabajo mio/TOP_CUENTA_DECODER_FINAL/prescaler.vhd:16]
	Parameter clk_o bound to: 100000000 - type: integer 
	Parameter clk_f bound to: 180 - type: integer 
INFO: [Synth 8-3491] module 'Prescaler' declared at 'C:/Users/chusl/Desktop/Nuevo top/TOP/TOP.srcs/sources_1/imports/Trabajo mio/TOP_CUENTA_DECODER_FINAL/prescaler.vhd:4' bound to instance 'to_refresh_clk' of component 'Prescaler' [C:/Users/chusl/Desktop/Nuevo top/TOP/TOP.srcs/sources_1/imports/Trabajo mio/TOP_CUENTA_DECODER_FINAL/Top_cuenta_decoder.vhd:119]
INFO: [Synth 8-638] synthesizing module 'Prescaler__parameterized3' [C:/Users/chusl/Desktop/Nuevo top/TOP/TOP.srcs/sources_1/imports/Trabajo mio/TOP_CUENTA_DECODER_FINAL/prescaler.vhd:16]
	Parameter clk_o bound to: 100000000 - type: integer 
	Parameter clk_f bound to: 180 - type: integer 
INFO: [Synth 8-256] done synthesizing module 'Prescaler__parameterized3' (0#1) [C:/Users/chusl/Desktop/Nuevo top/TOP/TOP.srcs/sources_1/imports/Trabajo mio/TOP_CUENTA_DECODER_FINAL/prescaler.vhd:16]
	Parameter itime bound to: 120 - type: integer 
INFO: [Synth 8-3491] module 'cuenta' declared at 'C:/Users/chusl/Desktop/Nuevo top/TOP/TOP.srcs/sources_1/imports/Trabajo mio/TOP_CUENTA_DECODER_FINAL/cuenta.vhd:7' bound to instance 'dut2' of component 'cuenta' [C:/Users/chusl/Desktop/Nuevo top/TOP/TOP.srcs/sources_1/imports/Trabajo mio/TOP_CUENTA_DECODER_FINAL/Top_cuenta_decoder.vhd:130]
INFO: [Synth 8-638] synthesizing module 'cuenta' [C:/Users/chusl/Desktop/Nuevo top/TOP/TOP.srcs/sources_1/imports/Trabajo mio/TOP_CUENTA_DECODER_FINAL/cuenta.vhd:20]
	Parameter itime bound to: 120 - type: integer 
INFO: [Synth 8-256] done synthesizing module 'cuenta' (0#1) [C:/Users/chusl/Desktop/Nuevo top/TOP/TOP.srcs/sources_1/imports/Trabajo mio/TOP_CUENTA_DECODER_FINAL/cuenta.vhd:20]
INFO: [Synth 8-3491] module 'Top_decoder' declared at 'C:/Users/chusl/Desktop/Nuevo top/TOP/TOP.srcs/sources_1/imports/Trabajo mio/TOP_CUENTA_DECODER_FINAL/Top_decoder.vhd:13' bound to instance 'dut3' of component 'Top_decoder' [C:/Users/chusl/Desktop/Nuevo top/TOP/TOP.srcs/sources_1/imports/Trabajo mio/TOP_CUENTA_DECODER_FINAL/Top_cuenta_decoder.vhd:144]
INFO: [Synth 8-638] synthesizing module 'Top_decoder' [C:/Users/chusl/Desktop/Nuevo top/TOP/TOP.srcs/sources_1/imports/Trabajo mio/TOP_CUENTA_DECODER_FINAL/Top_decoder.vhd:23]
WARNING: [Synth 8-614] signal 'level' is read in the process but is not in the sensitivity list [C:/Users/chusl/Desktop/Nuevo top/TOP/TOP.srcs/sources_1/imports/Trabajo mio/TOP_CUENTA_DECODER_FINAL/Top_decoder.vhd:68]
INFO: [Synth 8-3491] module 'decoder' declared at 'C:/Users/chusl/Desktop/Nuevo top/TOP/TOP.srcs/sources_1/imports/Trabajo mio/TOP_CUENTA_DECODER_FINAL/decoder.vhd:5' bound to instance 'd' of component 'decoder' [C:/Users/chusl/Desktop/Nuevo top/TOP/TOP.srcs/sources_1/imports/Trabajo mio/TOP_CUENTA_DECODER_FINAL/Top_decoder.vhd:87]
INFO: [Synth 8-638] synthesizing module 'decoder' [C:/Users/chusl/Desktop/Nuevo top/TOP/TOP.srcs/sources_1/imports/Trabajo mio/TOP_CUENTA_DECODER_FINAL/decoder.vhd:11]
INFO: [Synth 8-256] done synthesizing module 'decoder' (0#1) [C:/Users/chusl/Desktop/Nuevo top/TOP/TOP.srcs/sources_1/imports/Trabajo mio/TOP_CUENTA_DECODER_FINAL/decoder.vhd:11]
INFO: [Synth 8-3491] module 'decoder' declared at 'C:/Users/chusl/Desktop/Nuevo top/TOP/TOP.srcs/sources_1/imports/Trabajo mio/TOP_CUENTA_DECODER_FINAL/decoder.vhd:5' bound to instance 'd' of component 'decoder' [C:/Users/chusl/Desktop/Nuevo top/TOP/TOP.srcs/sources_1/imports/Trabajo mio/TOP_CUENTA_DECODER_FINAL/Top_decoder.vhd:87]
INFO: [Synth 8-3491] module 'decoder' declared at 'C:/Users/chusl/Desktop/Nuevo top/TOP/TOP.srcs/sources_1/imports/Trabajo mio/TOP_CUENTA_DECODER_FINAL/decoder.vhd:5' bound to instance 'd' of component 'decoder' [C:/Users/chusl/Desktop/Nuevo top/TOP/TOP.srcs/sources_1/imports/Trabajo mio/TOP_CUENTA_DECODER_FINAL/Top_decoder.vhd:87]
INFO: [Synth 8-3491] module 'decoder' declared at 'C:/Users/chusl/Desktop/Nuevo top/TOP/TOP.srcs/sources_1/imports/Trabajo mio/TOP_CUENTA_DECODER_FINAL/decoder.vhd:5' bound to instance 'd' of component 'decoder' [C:/Users/chusl/Desktop/Nuevo top/TOP/TOP.srcs/sources_1/imports/Trabajo mio/TOP_CUENTA_DECODER_FINAL/Top_decoder.vhd:87]
INFO: [Synth 8-3491] module 'decoder' declared at 'C:/Users/chusl/Desktop/Nuevo top/TOP/TOP.srcs/sources_1/imports/Trabajo mio/TOP_CUENTA_DECODER_FINAL/decoder.vhd:5' bound to instance 'd' of component 'decoder' [C:/Users/chusl/Desktop/Nuevo top/TOP/TOP.srcs/sources_1/imports/Trabajo mio/TOP_CUENTA_DECODER_FINAL/Top_decoder.vhd:87]
INFO: [Synth 8-256] done synthesizing module 'Top_decoder' (0#1) [C:/Users/chusl/Desktop/Nuevo top/TOP/TOP.srcs/sources_1/imports/Trabajo mio/TOP_CUENTA_DECODER_FINAL/Top_decoder.vhd:23]
INFO: [Synth 8-256] done synthesizing module 'Top_cuenta_decoder' (0#1) [C:/Users/chusl/Desktop/Nuevo top/TOP/TOP.srcs/sources_1/imports/Trabajo mio/TOP_CUENTA_DECODER_FINAL/Top_cuenta_decoder.vhd:22]
	Parameter clk_o bound to: 100000000 - type: integer 
	Parameter clk_f bound to: 1 - type: integer 
INFO: [Synth 8-3491] module 'Prescaler' declared at 'C:/Users/chusl/Desktop/Nuevo top/TOP/TOP.srcs/sources_1/imports/Trabajo mio/TOP_CUENTA_DECODER_FINAL/prescaler.vhd:4' bound to instance 'dut14' of component 'Prescaler' [C:/Users/chusl/Desktop/Nuevo top/TOP/TOP.srcs/sources_1/imports/Trabajo mio/SED/FPGA/src/top.vhd:253]
INFO: [Synth 8-638] synthesizing module 'Prescaler__parameterized5' [C:/Users/chusl/Desktop/Nuevo top/TOP/TOP.srcs/sources_1/imports/Trabajo mio/TOP_CUENTA_DECODER_FINAL/prescaler.vhd:16]
	Parameter clk_o bound to: 100000000 - type: integer 
	Parameter clk_f bound to: 1 - type: integer 
INFO: [Synth 8-256] done synthesizing module 'Prescaler__parameterized5' (0#1) [C:/Users/chusl/Desktop/Nuevo top/TOP/TOP.srcs/sources_1/imports/Trabajo mio/TOP_CUENTA_DECODER_FINAL/prescaler.vhd:16]
INFO: [Synth 8-3491] module 'SYNCHRNZR' declared at 'C:/Users/chusl/Desktop/Nuevo top/TOP/TOP.srcs/sources_1/imports/Trabajo mio/SED/FPGA/src/SYNCHRNZR.vhd:3' bound to instance 'dut15' of component 'SYNCHRNZR' [C:/Users/chusl/Desktop/Nuevo top/TOP/TOP.srcs/sources_1/imports/Trabajo mio/SED/FPGA/src/top.vhd:263]
INFO: [Synth 8-638] synthesizing module 'SYNCHRNZR' [C:/Users/chusl/Desktop/Nuevo top/TOP/TOP.srcs/sources_1/imports/Trabajo mio/SED/FPGA/src/SYNCHRNZR.vhd:10]
INFO: [Synth 8-256] done synthesizing module 'SYNCHRNZR' (0#1) [C:/Users/chusl/Desktop/Nuevo top/TOP/TOP.srcs/sources_1/imports/Trabajo mio/SED/FPGA/src/SYNCHRNZR.vhd:10]
INFO: [Synth 8-3491] module 'EDGEDTCTR' declared at 'C:/Users/chusl/Desktop/Nuevo top/TOP/TOP.srcs/sources_1/imports/Trabajo mio/SED/FPGA/src/EDGEDTCTR.vhd:3' bound to instance 'dut16' of component 'EDGEDTCTR' [C:/Users/chusl/Desktop/Nuevo top/TOP/TOP.srcs/sources_1/imports/Trabajo mio/SED/FPGA/src/top.vhd:268]
INFO: [Synth 8-638] synthesizing module 'EDGEDTCTR' [C:/Users/chusl/Desktop/Nuevo top/TOP/TOP.srcs/sources_1/imports/Trabajo mio/SED/FPGA/src/EDGEDTCTR.vhd:9]
INFO: [Synth 8-256] done synthesizing module 'EDGEDTCTR' (0#1) [C:/Users/chusl/Desktop/Nuevo top/TOP/TOP.srcs/sources_1/imports/Trabajo mio/SED/FPGA/src/EDGEDTCTR.vhd:9]
INFO: [Synth 8-3491] module 'SYNCHRNZR' declared at 'C:/Users/chusl/Desktop/Nuevo top/TOP/TOP.srcs/sources_1/imports/Trabajo mio/SED/FPGA/src/SYNCHRNZR.vhd:3' bound to instance 'dut17' of component 'SYNCHRNZR' [C:/Users/chusl/Desktop/Nuevo top/TOP/TOP.srcs/sources_1/imports/Trabajo mio/SED/FPGA/src/top.vhd:276]
INFO: [Synth 8-3491] module 'EDGEDTCTR' declared at 'C:/Users/chusl/Desktop/Nuevo top/TOP/TOP.srcs/sources_1/imports/Trabajo mio/SED/FPGA/src/EDGEDTCTR.vhd:3' bound to instance 'dut18' of component 'EDGEDTCTR' [C:/Users/chusl/Desktop/Nuevo top/TOP/TOP.srcs/sources_1/imports/Trabajo mio/SED/FPGA/src/top.vhd:282]
INFO: [Synth 8-3491] module 'SYNCHRNZR' declared at 'C:/Users/chusl/Desktop/Nuevo top/TOP/TOP.srcs/sources_1/imports/Trabajo mio/SED/FPGA/src/SYNCHRNZR.vhd:3' bound to instance 'dut19' of component 'SYNCHRNZR' [C:/Users/chusl/Desktop/Nuevo top/TOP/TOP.srcs/sources_1/imports/Trabajo mio/SED/FPGA/src/top.vhd:289]
INFO: [Synth 8-3491] module 'EDGEDTCTR' declared at 'C:/Users/chusl/Desktop/Nuevo top/TOP/TOP.srcs/sources_1/imports/Trabajo mio/SED/FPGA/src/EDGEDTCTR.vhd:3' bound to instance 'dut20' of component 'EDGEDTCTR' [C:/Users/chusl/Desktop/Nuevo top/TOP/TOP.srcs/sources_1/imports/Trabajo mio/SED/FPGA/src/top.vhd:295]
INFO: [Synth 8-256] done synthesizing module 'top' (0#1) [C:/Users/chusl/Desktop/Nuevo top/TOP/TOP.srcs/sources_1/imports/Trabajo mio/SED/FPGA/src/top.vhd:23]
---------------------------------------------------------------------------------
Finished RTL Elaboration : Time (s): cpu = 00:00:08 ; elapsed = 00:00:08 . Memory (MB): peak = 1400.793 ; gain = 509.461
---------------------------------------------------------------------------------
---------------------------------------------------------------------------------
Start Handling Custom Attributes
---------------------------------------------------------------------------------
---------------------------------------------------------------------------------
Finished Handling Custom Attributes : Time (s): cpu = 00:00:08 ; elapsed = 00:00:08 . Memory (MB): peak = 1400.793 ; gain = 509.461
---------------------------------------------------------------------------------
---------------------------------------------------------------------------------
Finished RTL Optimization Phase 1 : Time (s): cpu = 00:00:08 ; elapsed = 00:00:08 . Memory (MB): peak = 1400.793 ; gain = 509.461
---------------------------------------------------------------------------------
Netlist sorting complete. Time (s): cpu = 00:00:00 ; elapsed = 00:00:00.026 . Memory (MB): peak = 1400.793 ; gain = 0.000
INFO: [Project 1-570] Preparing netlist for logic optimization

Processing XDC Constraints
Initializing timing engine
Parsing XDC File [C:/Users/chusl/Desktop/Nuevo top/TOP/TOP.srcs/constrs_1/imports/Lab_mio/Nexys-4-DDR-Master.xdc]
WARNING: [Vivado 12-507] No nets matched 'RST_N_IBUF'. [C:/Users/chusl/Desktop/Nuevo top/TOP/TOP.srcs/constrs_1/imports/Lab_mio/Nexys-4-DDR-Master.xdc:7]
CRITICAL WARNING: [Common 17-55] 'set_property' expects at least one object. [C:/Users/chusl/Desktop/Nuevo top/TOP/TOP.srcs/constrs_1/imports/Lab_mio/Nexys-4-DDR-Master.xdc:7]
Resolution: If [get_<value>] was used to populate the object, check to make sure this command returns at least one valid object.
Finished Parsing XDC File [C:/Users/chusl/Desktop/Nuevo top/TOP/TOP.srcs/constrs_1/imports/Lab_mio/Nexys-4-DDR-Master.xdc]
INFO: [Project 1-236] Implementation specific constraints were found while reading constraint file [C:/Users/chusl/Desktop/Nuevo top/TOP/TOP.srcs/constrs_1/imports/Lab_mio/Nexys-4-DDR-Master.xdc]. These constraints will be ignored for synthesis but will be used in implementation. Impacted constraints are listed in the file [.Xil/top_propImpl.xdc].
Resolution: To avoid this warning, move constraints listed in [.Xil/top_propImpl.xdc] to another XDC file and exclude this new file from synthesis with the used_in_synthesis property (File Properties dialog in GUI) and re-run elaboration/synthesis.
Completed Processing XDC Constraints

Netlist sorting complete. Time (s): cpu = 00:00:00 ; elapsed = 00:00:00 . Memory (MB): peak = 1460.016 ; gain = 0.000
INFO: [Project 1-111] Unisim Transformation Summary:
No Unisim elements were transformed.

Constraint Validation Runtime : Time (s): cpu = 00:00:00 ; elapsed = 00:00:00.008 . Memory (MB): peak = 1460.016 ; gain = 0.000
INFO: [Designutils 20-5440] No compile time benefit to using incremental synthesis; A full resynthesis will be run
INFO: [Designutils 20-4379] Flow is switching to default flow due to incremental criteria not met. If you would like to alter this behaviour and have the flow terminate instead, please set the following parameter config_implementation {autoIncr.Synth.RejectBehavior Terminate}
---------------------------------------------------------------------------------
Finished Constraint Validation : Time (s): cpu = 00:00:16 ; elapsed = 00:00:16 . Memory (MB): peak = 1460.016 ; gain = 568.684
---------------------------------------------------------------------------------
---------------------------------------------------------------------------------
Start Loading Part and Timing Information
---------------------------------------------------------------------------------
Loading part: xc7a100tcsg324-1
---------------------------------------------------------------------------------
Finished Loading Part and Timing Information : Time (s): cpu = 00:00:16 ; elapsed = 00:00:16 . Memory (MB): peak = 1460.016 ; gain = 568.684
---------------------------------------------------------------------------------
---------------------------------------------------------------------------------
Start Applying 'set_property' XDC Constraints
---------------------------------------------------------------------------------
---------------------------------------------------------------------------------
Finished applying 'set_property' XDC Constraints : Time (s): cpu = 00:00:16 ; elapsed = 00:00:16 . Memory (MB): peak = 1460.016 ; gain = 568.684
---------------------------------------------------------------------------------
INFO: [Synth 8-802] inferred FSM for state register 'flag_reg' in module 'secuencia_led'
INFO: [Synth 8-802] inferred FSM for state register 'flag_reg' in module 'secuencia_led__parameterized1'
INFO: [Synth 8-802] inferred FSM for state register 'flag_reg' in module 'secuencia_led__parameterized3'
INFO: [Synth 8-802] inferred FSM for state register 'current_state_reg' in module 'fsm'
INFO: [Synth 8-802] inferred FSM for state register 'LOST.party_state_reg' in module 'final_light'
INFO: [Synth 8-802] inferred FSM for state register 'refresh.ANi_var_reg' in module 'Top_decoder'
---------------------------------------------------------------------------------------------------
                   State |                     New Encoding |                Previous Encoding 
---------------------------------------------------------------------------------------------------
                 iSTATE0 |                                0 | 00000000000000000000000000000000
                  iSTATE |                                1 | 00000000000000000000000000000001
*
---------------------------------------------------------------------------------------------------
INFO: [Synth 8-3354] encoded FSM with state register 'flag_reg' using encoding 'sequential' in module 'secuencia_led'
WARNING: [Synth 8-327] inferring latch for variable 'pass_game_s_reg' [C:/Users/chusl/Desktop/Nuevo top/TOP/TOP.srcs/sources_1/imports/Trabajo mio/SED/FPGA/src/secuencia_botones.vhd:37]
---------------------------------------------------------------------------------------------------
                   State |                     New Encoding |                Previous Encoding 
---------------------------------------------------------------------------------------------------
                 iSTATE0 |                                0 | 00000000000000000000000000000000
                  iSTATE |                                1 | 00000000000000000000000000000001
*
---------------------------------------------------------------------------------------------------
INFO: [Synth 8-3354] encoded FSM with state register 'flag_reg' using encoding 'sequential' in module 'secuencia_led__parameterized1'
WARNING: [Synth 8-327] inferring latch for variable 'pass_game_s_reg' [C:/Users/chusl/Desktop/Nuevo top/TOP/TOP.srcs/sources_1/imports/Trabajo mio/SED/FPGA/src/secuencia_botones.vhd:37]
---------------------------------------------------------------------------------------------------
                   State |                     New Encoding |                Previous Encoding 
---------------------------------------------------------------------------------------------------
                 iSTATE0 |                                0 | 00000000000000000000000000000000
                  iSTATE |                                1 | 00000000000000000000000000000001
*
---------------------------------------------------------------------------------------------------
INFO: [Synth 8-3354] encoded FSM with state register 'flag_reg' using encoding 'sequential' in module 'secuencia_led__parameterized3'
WARNING: [Synth 8-327] inferring latch for variable 'pass_game_s_reg' [C:/Users/chusl/Desktop/Nuevo top/TOP/TOP.srcs/sources_1/imports/Trabajo mio/SED/FPGA/src/secuencia_botones.vhd:37]
---------------------------------------------------------------------------------------------------
                   State |                     New Encoding |                Previous Encoding 
---------------------------------------------------------------------------------------------------
                      s0 |                              000 |                              000
                      s1 |                              001 |                              001
                      s2 |                              010 |                              010
                      s3 |                              011 |                              011
                      s4 |                              100 |                              100
                      s5 |                              101 |                              101
                      s6 |                              110 |                              110
                      s7 |                              111 |                              111
---------------------------------------------------------------------------------------------------
INFO: [Synth 8-3354] encoded FSM with state register 'current_state_reg' using encoding 'sequential' in module 'fsm'
WARNING: [Synth 8-327] inferring latch for variable 'CE_s_reg' [C:/Users/chusl/Desktop/Nuevo top/TOP/TOP.srcs/sources_1/imports/Trabajo mio/SED/FPGA/src/maquina_estados.vhd:52]
WARNING: [Synth 8-327] inferring latch for variable 'CE_cuenta_s_reg' [C:/Users/chusl/Desktop/Nuevo top/TOP/TOP.srcs/sources_1/imports/Trabajo mio/SED/FPGA/src/maquina_estados.vhd:50]
WARNING: [Synth 8-327] inferring latch for variable 'modo_s_reg' [C:/Users/chusl/Desktop/Nuevo top/TOP/TOP.srcs/sources_1/imports/Trabajo mio/SED/FPGA/src/maquina_estados.vhd:155]
WARNING: [Synth 8-327] inferring latch for variable 'levelUP_s_reg' [C:/Users/chusl/Desktop/Nuevo top/TOP/TOP.srcs/sources_1/imports/Trabajo mio/SED/FPGA/src/maquina_estados.vhd:49]
---------------------------------------------------------------------------------------------------
                   State |                     New Encoding |                Previous Encoding 
---------------------------------------------------------------------------------------------------
                 iSTATE0 |                          0000001 | 00000000000000000000000000000000
                 iSTATE1 |                          0000010 | 00000000000000000000000000000001
                 iSTATE2 |                          0000100 | 00000000000000000000000000000010
                 iSTATE3 |                          0001000 | 00000000000000000000000000000011
                 iSTATE4 |                          0010000 | 00000000000000000000000000000100
                 iSTATE5 |                          0100000 | 00000000000000000000000000000101
                  iSTATE |                          1000000 | 00000000000000000000000000000110
*
---------------------------------------------------------------------------------------------------
INFO: [Synth 8-3354] encoded FSM with state register 'LOST.party_state_reg' using encoding 'one-hot' in module 'final_light'
WARNING: [Synth 8-327] inferring latch for variable 'newClk_s_reg' [C:/Users/chusl/Desktop/Nuevo top/TOP/TOP.srcs/sources_1/imports/Trabajo mio/TOP_CUENTA_DECODER_FINAL/prescaler.vhd:27]
WARNING: [Synth 8-327] inferring latch for variable 'newClk_s_reg' [C:/Users/chusl/Desktop/Nuevo top/TOP/TOP.srcs/sources_1/imports/Trabajo mio/TOP_CUENTA_DECODER_FINAL/prescaler.vhd:27]
WARNING: [Synth 8-327] inferring latch for variable 'newClk_s_reg' [C:/Users/chusl/Desktop/Nuevo top/TOP/TOP.srcs/sources_1/imports/Trabajo mio/TOP_CUENTA_DECODER_FINAL/prescaler.vhd:27]
WARNING: [Synth 8-327] inferring latch for variable 'FFT_reg' [C:/Users/chusl/Desktop/Nuevo top/TOP/TOP.srcs/sources_1/imports/Trabajo mio/TOP_CUENTA_DECODER_FINAL/cuenta.vhd:29]
---------------------------------------------------------------------------------------------------
                   State |                     New Encoding |                Previous Encoding 
---------------------------------------------------------------------------------------------------
                 iSTATE4 |                              000 |                         00000001
*
                 iSTATE0 |                              001 |                         11111110
                 iSTATE1 |                              010 |                         11111101
                 iSTATE2 |                              011 |                         11111011
                 iSTATE3 |                              100 |                         11101111
                  iSTATE |                              101 |                         11011111
---------------------------------------------------------------------------------------------------
INFO: [Synth 8-3354] encoded FSM with state register 'refresh.ANi_var_reg' using encoding 'sequential' in module 'Top_decoder'
WARNING: [Synth 8-327] inferring latch for variable 'newClk_s_reg' [C:/Users/chusl/Desktop/Nuevo top/TOP/TOP.srcs/sources_1/imports/Trabajo mio/TOP_CUENTA_DECODER_FINAL/prescaler.vhd:27]
---------------------------------------------------------------------------------
Finished RTL Optimization Phase 2 : Time (s): cpu = 00:00:16 ; elapsed = 00:00:17 . Memory (MB): peak = 1460.016 ; gain = 568.684
---------------------------------------------------------------------------------
---------------------------------------------------------------------------------
Start RTL Component Statistics 
---------------------------------------------------------------------------------
Detailed RTL Component Info : 
+---Adders : 
	   2 Input   32 Bit       Adders := 11    
	   2 Input   31 Bit       Adders := 9     
	   2 Input    5 Bit       Adders := 6     
	   2 Input    4 Bit       Adders := 2     
+---Registers : 
	               32 Bit    Registers := 9     
	                7 Bit    Registers := 1     
	                6 Bit    Registers := 1     
	                3 Bit    Registers := 6     
	                2 Bit    Registers := 3     
	                1 Bit    Registers := 15    
+---Muxes : 
	   2 Input   32 Bit        Muxes := 23    
	   2 Input   31 Bit        Muxes := 9     
	   6 Input    8 Bit        Muxes := 1     
	   7 Input    7 Bit        Muxes := 1     
	   5 Input    7 Bit        Muxes := 1     
	   8 Input    6 Bit        Muxes := 1     
	   7 Input    6 Bit        Muxes := 1     
	   2 Input    6 Bit        Muxes := 1     
	   2 Input    5 Bit        Muxes := 12    
	   8 Input    4 Bit        Muxes := 1     
	   2 Input    4 Bit        Muxes := 5     
	   2 Input    3 Bit        Muxes := 3     
	  13 Input    3 Bit        Muxes := 1     
	   5 Input    3 Bit        Muxes := 1     
	   2 Input    1 Bit        Muxes := 37    
	   8 Input    1 Bit        Muxes := 7     
---------------------------------------------------------------------------------
Finished RTL Component Statistics 
---------------------------------------------------------------------------------
---------------------------------------------------------------------------------
Start Part Resource Summary
---------------------------------------------------------------------------------
Part Resources:
DSPs: 240 (col length:80)
BRAMs: 270 (col length: RAMB18 80 RAMB36 40)
---------------------------------------------------------------------------------
Finished Part Resource Summary
---------------------------------------------------------------------------------
---------------------------------------------------------------------------------
Start Cross Boundary and Area Optimization
---------------------------------------------------------------------------------
WARNING: [Synth 8-7080] Parallel synthesis criteria is not met
WARNING: [Synth 8-3332] Sequential element (dut8/final_lights/FSM_onehot_LOST.party_state_reg[6]) is unused and will be removed from module top.
---------------------------------------------------------------------------------
Finished Cross Boundary and Area Optimization : Time (s): cpu = 00:00:41 ; elapsed = 00:00:41 . Memory (MB): peak = 1460.016 ; gain = 568.684
---------------------------------------------------------------------------------
---------------------------------------------------------------------------------
Start Applying XDC Timing Constraints
---------------------------------------------------------------------------------
---------------------------------------------------------------------------------
Finished Applying XDC Timing Constraints : Time (s): cpu = 00:00:46 ; elapsed = 00:00:47 . Memory (MB): peak = 1460.016 ; gain = 568.684
---------------------------------------------------------------------------------
---------------------------------------------------------------------------------
Start Timing Optimization
---------------------------------------------------------------------------------
---------------------------------------------------------------------------------
Finished Timing Optimization : Time (s): cpu = 00:00:47 ; elapsed = 00:00:47 . Memory (MB): peak = 1460.016 ; gain = 568.684
---------------------------------------------------------------------------------
---------------------------------------------------------------------------------
Start Technology Mapping
---------------------------------------------------------------------------------
---------------------------------------------------------------------------------
Finished Technology Mapping : Time (s): cpu = 00:00:49 ; elapsed = 00:00:49 . Memory (MB): peak = 1514.707 ; gain = 623.375
---------------------------------------------------------------------------------
---------------------------------------------------------------------------------
Start IO Insertion
---------------------------------------------------------------------------------
---------------------------------------------------------------------------------
Start Flattening Before IO Insertion
---------------------------------------------------------------------------------
---------------------------------------------------------------------------------
Finished Flattening Before IO Insertion
---------------------------------------------------------------------------------
---------------------------------------------------------------------------------
Start Final Netlist Cleanup
---------------------------------------------------------------------------------
---------------------------------------------------------------------------------
Finished Final Netlist Cleanup
---------------------------------------------------------------------------------
---------------------------------------------------------------------------------
Finished IO Insertion : Time (s): cpu = 00:00:54 ; elapsed = 00:00:54 . Memory (MB): peak = 1522.266 ; gain = 630.934
---------------------------------------------------------------------------------
---------------------------------------------------------------------------------
Start Renaming Generated Instances
---------------------------------------------------------------------------------
---------------------------------------------------------------------------------
Finished Renaming Generated Instances : Time (s): cpu = 00:00:54 ; elapsed = 00:00:54 . Memory (MB): peak = 1522.266 ; gain = 630.934
---------------------------------------------------------------------------------
---------------------------------------------------------------------------------
Start Rebuilding User Hierarchy
---------------------------------------------------------------------------------
---------------------------------------------------------------------------------
Finished Rebuilding User Hierarchy : Time (s): cpu = 00:00:54 ; elapsed = 00:00:54 . Memory (MB): peak = 1522.266 ; gain = 630.934
---------------------------------------------------------------------------------
---------------------------------------------------------------------------------
Start Renaming Generated Ports
---------------------------------------------------------------------------------
---------------------------------------------------------------------------------
Finished Renaming Generated Ports : Time (s): cpu = 00:00:54 ; elapsed = 00:00:54 . Memory (MB): peak = 1522.266 ; gain = 630.934
---------------------------------------------------------------------------------
---------------------------------------------------------------------------------
Start Handling Custom Attributes
---------------------------------------------------------------------------------
---------------------------------------------------------------------------------
Finished Handling Custom Attributes : Time (s): cpu = 00:00:54 ; elapsed = 00:00:55 . Memory (MB): peak = 1522.266 ; gain = 630.934
---------------------------------------------------------------------------------
---------------------------------------------------------------------------------
Start Renaming Generated Nets
---------------------------------------------------------------------------------
---------------------------------------------------------------------------------
Finished Renaming Generated Nets : Time (s): cpu = 00:00:54 ; elapsed = 00:00:55 . Memory (MB): peak = 1522.266 ; gain = 630.934
---------------------------------------------------------------------------------
---------------------------------------------------------------------------------
Start ROM, RAM, DSP, Shift Register and Retiming Reporting
---------------------------------------------------------------------------------

Static Shift Register Report:
+------------+-------------------+--------+-------+--------------+--------------------+-------------------+--------+---------+
|Module Name | RTL Name          | Length | Width | Reset Signal | Pull out first Reg | Pull out last Reg | SRL16E | SRLC32E | 
+------------+-------------------+--------+-------+--------------+--------------------+-------------------+--------+---------+
|top         | dut16/sreg_reg[0] | 4      | 1     | NO           | YES                | YES               | 1      | 0       | 
|top         | dut18/sreg_reg[0] | 4      | 1     | NO           | YES                | YES               | 1      | 0       | 
|top         | dut20/sreg_reg[0] | 4      | 1     | NO           | YES                | YES               | 1      | 0       | 
+------------+-------------------+--------+-------+--------------+--------------------+-------------------+--------+---------+

---------------------------------------------------------------------------------
Finished ROM, RAM, DSP, Shift Register and Retiming Reporting
---------------------------------------------------------------------------------
---------------------------------------------------------------------------------
Start Writing Synthesis Report
---------------------------------------------------------------------------------

Report BlackBoxes: 
+-+--------------+----------+
| |BlackBox name |Instances |
+-+--------------+----------+
+-+--------------+----------+

Report Cell Usage: 
+------+-------+------+
|      |Cell   |Count |
+------+-------+------+
|1     |BUFG   |     6|
|2     |CARRY4 |  1242|
|3     |LUT1   |   272|
|4     |LUT2   |  1052|
|5     |LUT3   |  1640|
|6     |LUT4   |  1056|
|7     |LUT5   |  1021|
|8     |LUT6   |  2448|
|9     |MUXF7  |    14|
|10    |SRL16E |     3|
|11    |FDCE   |   417|
|12    |FDPE   |    57|
|13    |FDRE   |    31|
|14    |LD     |    14|
|15    |LDP    |     3|
|16    |IBUF   |     9|
|17    |OBUF   |    30|
+------+-------+------+
---------------------------------------------------------------------------------
Finished Writing Synthesis Report : Time (s): cpu = 00:00:54 ; elapsed = 00:00:55 . Memory (MB): peak = 1522.266 ; gain = 630.934
---------------------------------------------------------------------------------
Synthesis finished with 0 errors, 0 critical warnings and 14 warnings.
Synthesis Optimization Runtime : Time (s): cpu = 00:00:44 ; elapsed = 00:00:53 . Memory (MB): peak = 1522.266 ; gain = 571.711
Synthesis Optimization Complete : Time (s): cpu = 00:00:54 ; elapsed = 00:00:55 . Memory (MB): peak = 1522.266 ; gain = 630.934
INFO: [Project 1-571] Translating synthesized netlist
Netlist sorting complete. Time (s): cpu = 00:00:00 ; elapsed = 00:00:00.101 . Memory (MB): peak = 1522.266 ; gain = 0.000
INFO: [Netlist 29-17] Analyzing 1273 Unisim elements for replacement
INFO: [Netlist 29-28] Unisim Transformation completed in 0 CPU seconds
INFO: [Project 1-570] Preparing netlist for logic optimization
INFO: [Opt 31-138] Pushed 1 inverter(s) to 3 load pin(s).
Netlist sorting complete. Time (s): cpu = 00:00:00 ; elapsed = 00:00:00.003 . Memory (MB): peak = 1522.266 ; gain = 0.000
INFO: [Project 1-111] Unisim Transformation Summary:
  A total of 17 instances were transformed.
  LD => LDCE: 14 instances
  LDP => LDPE (inverted pins: G): 3 instances

Synth Design complete | Checksum: 2a9dbdb2
INFO: [Common 17-83] Releasing license: Synthesis
120 Infos, 30 Warnings, 1 Critical Warnings and 0 Errors encountered.
synth_design completed successfully
synth_design: Time (s): cpu = 00:01:00 ; elapsed = 00:01:02 . Memory (MB): peak = 1522.266 ; gain = 1025.414
INFO: [runtcl-6] Synthesis results are not added to the cache due to CRITICAL_WARNING
INFO: [Common 17-1381] The checkpoint 'C:/Users/chusl/Desktop/Nuevo top/TOP/TOP.runs/synth_1/top.dcp' has been generated.
INFO: [runtcl-4] Executing : report_utilization -file top_utilization_synth.rpt -pb top_utilization_synth.pb
INFO: [Common 17-206] Exiting Vivado at Mon Jan  8 17:56:14 2024...
